Сборка начата 18.01.2024 00:43:10.
Уровень детализации журнала: Normal.     1>Проект "C:\University\Alexandra_Sergeevna_should_appreciate\Alexandra_Sergeevna_should_appreciate\Alexandra_Sergeevna_should_appreciate.vcxproj" в узле 2 (целевые объекты Build).
     1>InitializeBuildStatus:
         Создание "x64\Debug\Alexandr.0b012be6.tlog\unsuccessfulbuild", так как было задано "AlwaysCreate".
         Обращение к "x64\Debug\Alexandr.0b012be6.tlog\unsuccessfulbuild".
       ClCompile:
         C:\Program Files\Microsoft Visual Studio\2022\Community\VC\Tools\MSVC\14.37.32822\bin\HostX64\x64\CL.exe /c /ZI /JMC /nologo /W3 /WX- /diagnostics:column /sdl /Od /D _DEBUG /D _CONSOLE /D _UNICODE /D UNICODE /Gm- /EHsc /RTC1 /MDd /GS /fp:precise /Zc:wchar_t /Zc:forScope /Zc:inline /permissive- /Fo"x64\Debug\\" /Fd"x64\Debug\vc143.pdb" /external:W3 /Gd /TP /FC /errorReport:prompt card.cpp
         card.cpp
       Link:
         C:\Program Files\Microsoft Visual Studio\2022\Community\VC\Tools\MSVC\14.37.32822\bin\HostX64\x64\link.exe /ERRORREPORT:PROMPT /OUT:"C:\University\Alexandra_Sergeevna_should_appreciate\x64\Debug\Alexandra_Sergeevna_should_appreciate.exe" /INCREMENTAL /ILK:"x64\Debug\Alexandra_Sergeevna_should_appreciate.ilk" /NOLOGO kernel32.lib user32.lib gdi32.lib winspool.lib comdlg32.lib advapi32.lib shell32.lib ole32.lib oleaut32.lib uuid.lib odbc32.lib odbccp32.lib /MANIFEST /MANIFESTUAC:"level='asInvoker' uiAccess='false'" /manifest:embed /DEBUG /PDB:"C:\University\Alexandra_Sergeevna_should_appreciate\x64\Debug\Alexandra_Sergeevna_should_appreciate.pdb" /SUBSYSTEM:CONSOLE /TLBID:1 /DYNAMICBASE /NXCOMPAT /IMPLIB:"C:\University\Alexandra_Sergeevna_should_appreciate\x64\Debug\Alexandra_Sergeevna_should_appreciate.lib" /MACHINE:X64 x64\Debug\Alexandra_Sergeevna_should_appreciate.obj
         x64\Debug\card.obj
         x64\Debug\game.obj
         x64\Debug\game_logic.obj
         Alexandra_Sergeevna_should_appreciate.vcxproj -> C:\University\Alexandra_Sergeevna_should_appreciate\x64\Debug\Alexandra_Sergeevna_should_appreciate.exe
       FinalizeBuildStatus:
         Файл "x64\Debug\Alexandr.0b012be6.tlog\unsuccessfulbuild" удаляется.
         Обращение к "x64\Debug\Alexandr.0b012be6.tlog\Alexandra_Sergeevna_should_appreciate.lastbuildstate".
     1>Сборка проекта "C:\University\Alexandra_Sergeevna_should_appreciate\Alexandra_Sergeevna_should_appreciate\Alexandra_Sergeevna_should_appreciate.vcxproj" завершена (целевые объекты Build).

Сборка успешно завершена.
    Предупреждений: 0
    Ошибок: 0

Прошло времени 00:00:00.62
